<?xml version="1.0" encoding="UTF-8"?>
<testsuite name="com.swhan.project.web.PostsApiControllerTest" tests="3" skipped="0" failures="0" errors="0" timestamp="2022-10-23T03:32:16" hostname="Lucyui-MacBookAir.local" time="0.1">
  <properties/>
  <testcase name="BaseTimeEntity_등록" classname="com.swhan.project.web.PostsApiControllerTest" time="0.043"/>
  <testcase name="Posts_등록된다" classname="com.swhan.project.web.PostsApiControllerTest" time="0.043"/>
  <testcase name="Posts_수정된다" classname="com.swhan.project.web.PostsApiControllerTest" time="0.013"/>
  <system-out><![CDATA[2022-10-23 12:32:16.025  INFO 2237 --- [    Test worker] .b.t.c.SpringBootTestContextBootstrapper : Neither @ContextConfiguration nor @ContextHierarchy found for test class [com.swhan.project.web.PostsApiControllerTest], using SpringBootContextLoader
2022-10-23 12:32:16.025  INFO 2237 --- [    Test worker] o.s.t.c.support.AbstractContextLoader    : Could not detect default resource locations for test class [com.swhan.project.web.PostsApiControllerTest]: no resource found for suffixes {-context.xml, Context.groovy}.
2022-10-23 12:32:16.025  INFO 2237 --- [    Test worker] t.c.s.AnnotationConfigContextLoaderUtils : Could not detect default configuration classes for test class [com.swhan.project.web.PostsApiControllerTest]: PostsApiControllerTest does not declare any static, non-private, non-final, nested classes annotated with @Configuration.
2022-10-23 12:32:16.026  INFO 2237 --- [    Test worker] .b.t.c.SpringBootTestContextBootstrapper : Found @SpringBootConfiguration com.swhan.project.Application for test class com.swhan.project.web.PostsApiControllerTest
2022-10-23 12:32:16.027  INFO 2237 --- [    Test worker] .b.t.c.SpringBootTestContextBootstrapper : Loaded default TestExecutionListener class names from location [META-INF/spring.factories]: [org.springframework.security.test.context.support.WithSecurityContextTestExecutionListener, org.springframework.security.test.context.support.ReactorContextTestExecutionListener, org.springframework.boot.test.autoconfigure.restdocs.RestDocsTestExecutionListener, org.springframework.boot.test.autoconfigure.web.client.MockRestServiceServerResetTestExecutionListener, org.springframework.boot.test.autoconfigure.web.servlet.MockMvcPrintOnlyOnFailureTestExecutionListener, org.springframework.boot.test.autoconfigure.web.servlet.WebDriverTestExecutionListener, org.springframework.boot.test.mock.mockito.MockitoTestExecutionListener, org.springframework.boot.test.mock.mockito.ResetMocksTestExecutionListener, org.springframework.test.context.web.ServletTestExecutionListener, org.springframework.test.context.support.DirtiesContextBeforeModesTestExecutionListener, org.springframework.test.context.support.DependencyInjectionTestExecutionListener, org.springframework.test.context.support.DirtiesContextTestExecutionListener, org.springframework.test.context.transaction.TransactionalTestExecutionListener, org.springframework.test.context.jdbc.SqlScriptsTestExecutionListener]
2022-10-23 12:32:16.027  INFO 2237 --- [    Test worker] .b.t.c.SpringBootTestContextBootstrapper : Using TestExecutionListeners: [org.springframework.test.context.web.ServletTestExecutionListener@5d8de155, org.springframework.test.context.support.DirtiesContextBeforeModesTestExecutionListener@1d0590bc, org.springframework.boot.test.mock.mockito.MockitoTestExecutionListener@6d4dac56, org.springframework.boot.test.autoconfigure.SpringBootDependencyInjectionTestExecutionListener@2ce7d43, org.springframework.test.context.support.DirtiesContextTestExecutionListener@30fba306, org.springframework.test.context.transaction.TransactionalTestExecutionListener@1ca55d5, org.springframework.test.context.jdbc.SqlScriptsTestExecutionListener@16576a6, org.springframework.security.test.context.support.WithSecurityContextTestExecutionListener@70b037ac, org.springframework.security.test.context.support.ReactorContextTestExecutionListener@1dbe592f, org.springframework.boot.test.autoconfigure.restdocs.RestDocsTestExecutionListener@4e09c3b0, org.springframework.boot.test.autoconfigure.web.client.MockRestServiceServerResetTestExecutionListener@64f34c91, org.springframework.boot.test.autoconfigure.web.servlet.MockMvcPrintOnlyOnFailureTestExecutionListener@158f0af4, org.springframework.boot.test.autoconfigure.web.servlet.WebDriverTestExecutionListener@7a174e4b, org.springframework.boot.test.mock.mockito.ResetMocksTestExecutionListener@7a8316fa]
2022-10-23 12:32:16.032  INFO 2237 --- [    Test worker] o.a.c.c.C.[Tomcat].[localhost].[/]       : Initializing Spring TestDispatcherServlet ''
2022-10-23 12:32:16.032  INFO 2237 --- [    Test worker] o.s.t.web.servlet.TestDispatcherServlet  : Initializing Servlet ''
2022-10-23 12:32:16.033  INFO 2237 --- [    Test worker] o.s.t.web.servlet.TestDispatcherServlet  : Completed initialization in 1 ms
Hibernate: insert into posts (created_date, modified_date, author, content, title) values (?, ?, ?, ?, ?)
Hibernate: select posts0_.id as id1_0_, posts0_.created_date as created_2_0_, posts0_.modified_date as modified3_0_, posts0_.author as author4_0_, posts0_.content as content5_0_, posts0_.title as title6_0_ from posts posts0_
>>>>>>>>> createDate=2022-10-23T12:32:16.048695, modifiedDate=2022-10-23T12:32:16.048695
Hibernate: select posts0_.id as id1_0_, posts0_.created_date as created_2_0_, posts0_.modified_date as modified3_0_, posts0_.author as author4_0_, posts0_.content as content5_0_, posts0_.title as title6_0_ from posts posts0_
Hibernate: delete from posts where id=?
2022-10-23 12:32:16.075  INFO 2237 --- [    Test worker] o.a.c.c.C.[Tomcat].[localhost].[/]       : Initializing Spring TestDispatcherServlet ''
2022-10-23 12:32:16.075  INFO 2237 --- [    Test worker] o.s.t.web.servlet.TestDispatcherServlet  : Initializing Servlet ''
2022-10-23 12:32:16.075  INFO 2237 --- [    Test worker] o.s.t.web.servlet.TestDispatcherServlet  : Completed initialization in 0 ms
Hibernate: insert into posts (created_date, modified_date, author, content, title) values (?, ?, ?, ?, ?)
Hibernate: select posts0_.id as id1_0_, posts0_.created_date as created_2_0_, posts0_.modified_date as modified3_0_, posts0_.author as author4_0_, posts0_.content as content5_0_, posts0_.title as title6_0_ from posts posts0_
Hibernate: select posts0_.id as id1_0_, posts0_.created_date as created_2_0_, posts0_.modified_date as modified3_0_, posts0_.author as author4_0_, posts0_.content as content5_0_, posts0_.title as title6_0_ from posts posts0_
Hibernate: delete from posts where id=?
2022-10-23 12:32:16.116  INFO 2237 --- [    Test worker] o.a.c.c.C.[Tomcat].[localhost].[/]       : Initializing Spring TestDispatcherServlet ''
2022-10-23 12:32:16.116  INFO 2237 --- [    Test worker] o.s.t.web.servlet.TestDispatcherServlet  : Initializing Servlet ''
2022-10-23 12:32:16.117  INFO 2237 --- [    Test worker] o.s.t.web.servlet.TestDispatcherServlet  : Completed initialization in 1 ms
Hibernate: insert into posts (created_date, modified_date, author, content, title) values (?, ?, ?, ?, ?)
Hibernate: select posts0_.id as id1_0_0_, posts0_.created_date as created_2_0_0_, posts0_.modified_date as modified3_0_0_, posts0_.author as author4_0_0_, posts0_.content as content5_0_0_, posts0_.title as title6_0_0_ from posts posts0_ where posts0_.id=?
Hibernate: update posts set created_date=?, modified_date=?, author=?, content=?, title=? where id=?
Hibernate: select posts0_.id as id1_0_, posts0_.created_date as created_2_0_, posts0_.modified_date as modified3_0_, posts0_.author as author4_0_, posts0_.content as content5_0_, posts0_.title as title6_0_ from posts posts0_
Hibernate: select posts0_.id as id1_0_, posts0_.created_date as created_2_0_, posts0_.modified_date as modified3_0_, posts0_.author as author4_0_, posts0_.content as content5_0_, posts0_.title as title6_0_ from posts posts0_
Hibernate: delete from posts where id=?
]]></system-out>
  <system-err><![CDATA[]]></system-err>
</testsuite>
