<?xml version="1.0" encoding="UTF-8"?>
<testsuite name="com.swhan.project.web.domain.posts.PostsRepositoryTest" tests="1" skipped="0" failures="0" errors="0" timestamp="2022-10-23T03:32:16" hostname="Lucyui-MacBookAir.local" time="0.009">
  <properties/>
  <testcase name="게시글저장_불러오기" classname="com.swhan.project.web.domain.posts.PostsRepositoryTest" time="0.009"/>
  <system-out><![CDATA[2022-10-23 12:32:16.129  INFO 2237 --- [    Test worker] .b.t.c.SpringBootTestContextBootstrapper : Neither @ContextConfiguration nor @ContextHierarchy found for test class [com.swhan.project.web.domain.posts.PostsRepositoryTest], using SpringBootContextLoader
2022-10-23 12:32:16.130  INFO 2237 --- [    Test worker] o.s.t.c.support.AbstractContextLoader    : Could not detect default resource locations for test class [com.swhan.project.web.domain.posts.PostsRepositoryTest]: no resource found for suffixes {-context.xml, Context.groovy}.
2022-10-23 12:32:16.130  INFO 2237 --- [    Test worker] t.c.s.AnnotationConfigContextLoaderUtils : Could not detect default configuration classes for test class [com.swhan.project.web.domain.posts.PostsRepositoryTest]: PostsRepositoryTest does not declare any static, non-private, non-final, nested classes annotated with @Configuration.
2022-10-23 12:32:16.133  INFO 2237 --- [    Test worker] .b.t.c.SpringBootTestContextBootstrapper : Found @SpringBootConfiguration com.swhan.project.Application for test class com.swhan.project.web.domain.posts.PostsRepositoryTest
2022-10-23 12:32:16.134  INFO 2237 --- [    Test worker] .b.t.c.SpringBootTestContextBootstrapper : Loaded default TestExecutionListener class names from location [META-INF/spring.factories]: [org.springframework.security.test.context.support.WithSecurityContextTestExecutionListener, org.springframework.security.test.context.support.ReactorContextTestExecutionListener, org.springframework.boot.test.autoconfigure.restdocs.RestDocsTestExecutionListener, org.springframework.boot.test.autoconfigure.web.client.MockRestServiceServerResetTestExecutionListener, org.springframework.boot.test.autoconfigure.web.servlet.MockMvcPrintOnlyOnFailureTestExecutionListener, org.springframework.boot.test.autoconfigure.web.servlet.WebDriverTestExecutionListener, org.springframework.boot.test.mock.mockito.MockitoTestExecutionListener, org.springframework.boot.test.mock.mockito.ResetMocksTestExecutionListener, org.springframework.test.context.web.ServletTestExecutionListener, org.springframework.test.context.support.DirtiesContextBeforeModesTestExecutionListener, org.springframework.test.context.support.DependencyInjectionTestExecutionListener, org.springframework.test.context.support.DirtiesContextTestExecutionListener, org.springframework.test.context.transaction.TransactionalTestExecutionListener, org.springframework.test.context.jdbc.SqlScriptsTestExecutionListener]
2022-10-23 12:32:16.134  INFO 2237 --- [    Test worker] .b.t.c.SpringBootTestContextBootstrapper : Using TestExecutionListeners: [org.springframework.test.context.web.ServletTestExecutionListener@76140ca5, org.springframework.test.context.support.DirtiesContextBeforeModesTestExecutionListener@47b5c247, org.springframework.boot.test.mock.mockito.MockitoTestExecutionListener@4057eb76, org.springframework.boot.test.autoconfigure.SpringBootDependencyInjectionTestExecutionListener@4ac64dc2, org.springframework.test.context.support.DirtiesContextTestExecutionListener@1c61011b, org.springframework.test.context.transaction.TransactionalTestExecutionListener@75af5f2a, org.springframework.test.context.jdbc.SqlScriptsTestExecutionListener@adc06b2, org.springframework.security.test.context.support.WithSecurityContextTestExecutionListener@728cf276, org.springframework.security.test.context.support.ReactorContextTestExecutionListener@66f15ce5, org.springframework.boot.test.autoconfigure.restdocs.RestDocsTestExecutionListener@69a8191e, org.springframework.boot.test.autoconfigure.web.client.MockRestServiceServerResetTestExecutionListener@3ab7b0f, org.springframework.boot.test.autoconfigure.web.servlet.MockMvcPrintOnlyOnFailureTestExecutionListener@1621264e, org.springframework.boot.test.autoconfigure.web.servlet.WebDriverTestExecutionListener@7a5b561b, org.springframework.boot.test.mock.mockito.ResetMocksTestExecutionListener@5392c0a7]

  .   ____          _            __ _ _
 /\\ / ___'_ __ _ _(_)_ __  __ _ \ \ \ \
( ( )\___ | '_ | '_| | '_ \/ _` | \ \ \ \
 \\/  ___)| |_)| | | | | || (_| |  ) ) ) )
  '  |____| .__|_| |_|_| |_\__, | / / / /
 =========|_|==============|___/=/_/_/_/
 :: Spring Boot ::        (v2.1.7.RELEASE)

2022-10-23 12:32:16.142  INFO 2237 --- [    Test worker] c.s.p.w.d.posts.PostsRepositoryTest      : Starting PostsRepositoryTest on Lucyui-MacBookAir.local with PID 2237 (started by lucy in /Users/lucy/Documents/springbootProject/swhan-springboot2-webservice)
2022-10-23 12:32:16.142  INFO 2237 --- [    Test worker] c.s.p.w.d.posts.PostsRepositoryTest      : The following profiles are active: oauth
2022-10-23 12:32:16.197  INFO 2237 --- [    Test worker] .s.d.r.c.RepositoryConfigurationDelegate : Bootstrapping Spring Data repositories in DEFAULT mode.
2022-10-23 12:32:16.202  INFO 2237 --- [    Test worker] .s.d.r.c.RepositoryConfigurationDelegate : Finished Spring Data repository scanning in 5ms. Found 2 repository interfaces.
2022-10-23 12:32:16.229  INFO 2237 --- [    Test worker] trationDelegate$BeanPostProcessorChecker : Bean 'org.springframework.transaction.annotation.ProxyTransactionManagementConfiguration' of type [org.springframework.transaction.annotation.ProxyTransactionManagementConfiguration$$EnhancerBySpringCGLIB$$7c4c72b6] is not eligible for getting processed by all BeanPostProcessors (for example: not eligible for auto-proxying)
2022-10-23 12:32:16.248  INFO 2237 --- [    Test worker] com.zaxxer.hikari.HikariDataSource       : HikariPool-2 - Starting...
2022-10-23 12:32:16.249  INFO 2237 --- [    Test worker] com.zaxxer.hikari.HikariDataSource       : HikariPool-2 - Start completed.
2022-10-23 12:32:16.254  INFO 2237 --- [    Test worker] o.hibernate.jpa.internal.util.LogHelper  : HHH000204: Processing PersistenceUnitInfo [
	name: default
	...]
2022-10-23 12:32:16.257  INFO 2237 --- [    Test worker] org.hibernate.dialect.Dialect            : HHH000400: Using dialect: org.hibernate.dialect.MySQL5InnoDBDialect
Hibernate: drop table if exists posts
Hibernate: drop table if exists user
Hibernate: create table posts (id bigint not null auto_increment, created_date datetime, modified_date datetime, author varchar(255), content TEXT not null, title varchar(500) not null, primary key (id)) engine=InnoDB
Hibernate: create table user (id bigint not null auto_increment, created_date datetime, modified_date datetime, email varchar(255) not null, name varchar(255) not null, picture varchar(255) not null, role varchar(255) not null, primary key (id)) engine=InnoDB
2022-10-23 12:32:16.273  INFO 2237 --- [    Test worker] o.h.t.schema.internal.SchemaCreatorImpl  : HHH000476: Executing import script 'org.hibernate.tool.schema.internal.exec.ScriptSourceInputNonExistentImpl@707b38a1'
2022-10-23 12:32:16.273  INFO 2237 --- [    Test worker] j.LocalContainerEntityManagerFactoryBean : Initialized JPA EntityManagerFactory for persistence unit 'default'
2022-10-23 12:32:16.326  INFO 2237 --- [    Test worker] o.h.h.i.QueryTranslatorFactoryInitiator  : HHH000397: Using ASTQueryTranslatorFactory
2022-10-23 12:32:16.358  INFO 2237 --- [    Test worker] o.s.s.web.DefaultSecurityFilterChain     : Creating filter chain: any request, [org.springframework.security.web.context.request.async.WebAsyncManagerIntegrationFilter@60bd11f7, org.springframework.security.web.context.SecurityContextPersistenceFilter@d56d9f6, org.springframework.security.web.header.HeaderWriterFilter@2057d8ec, org.springframework.security.web.authentication.logout.LogoutFilter@3520d2db, org.springframework.security.oauth2.client.web.OAuth2AuthorizationRequestRedirectFilter@491afa9b, org.springframework.security.oauth2.client.web.OAuth2LoginAuthenticationFilter@147a8d7c, org.springframework.security.web.authentication.ui.DefaultLoginPageGeneratingFilter@e822394, org.springframework.security.web.authentication.ui.DefaultLogoutPageGeneratingFilter@693f9ab5, org.springframework.security.web.savedrequest.RequestCacheAwareFilter@358f85b1, org.springframework.security.web.servletapi.SecurityContextHolderAwareRequestFilter@2b01bb54, org.springframework.security.web.authentication.AnonymousAuthenticationFilter@77ef7b2b, org.springframework.security.web.session.SessionManagementFilter@52bef30b, org.springframework.security.web.access.ExceptionTranslationFilter@25c3a441, org.springframework.security.web.access.intercept.FilterSecurityInterceptor@67add4c9]
2022-10-23 12:32:16.425  INFO 2237 --- [    Test worker] o.s.s.concurrent.ThreadPoolTaskExecutor  : Initializing ExecutorService 'applicationTaskExecutor'
2022-10-23 12:32:16.429  WARN 2237 --- [    Test worker] aWebConfiguration$JpaWebMvcConfiguration : spring.jpa.open-in-view is enabled by default. Therefore, database queries may be performed during view rendering. Explicitly configure spring.jpa.open-in-view to disable this warning
2022-10-23 12:32:16.437  INFO 2237 --- [    Test worker] o.s.b.a.w.s.WelcomePageHandlerMapping    : Adding welcome page template: index
2022-10-23 12:32:16.513  INFO 2237 --- [    Test worker] s.a.ScheduledAnnotationBeanPostProcessor : No TaskScheduler/ScheduledExecutorService bean found for scheduled processing
2022-10-23 12:32:16.514  INFO 2237 --- [    Test worker] c.s.p.w.d.posts.PostsRepositoryTest      : Started PostsRepositoryTest in 0.379 seconds (JVM running for 3.652)
Hibernate: insert into posts (created_date, modified_date, author, content, title) values (?, ?, ?, ?, ?)
Hibernate: select posts0_.id as id1_0_, posts0_.created_date as created_2_0_, posts0_.modified_date as modified3_0_, posts0_.author as author4_0_, posts0_.content as content5_0_, posts0_.title as title6_0_ from posts posts0_
Hibernate: select posts0_.id as id1_0_, posts0_.created_date as created_2_0_, posts0_.modified_date as modified3_0_, posts0_.author as author4_0_, posts0_.content as content5_0_, posts0_.title as title6_0_ from posts posts0_
Hibernate: delete from posts where id=?
]]></system-out>
  <system-err><![CDATA[]]></system-err>
</testsuite>
