<?xml version="1.0" encoding="UTF-8"?>
<testsuite name="com.swhan.project.web.IndexControllerTest" tests="1" skipped="0" failures="0" errors="0" timestamp="2022-10-23T03:32:15" hostname="Lucyui-MacBookAir.local" time="0.152">
  <properties/>
  <testcase name="메인페이지_로딩" classname="com.swhan.project.web.IndexControllerTest" time="0.152"/>
  <system-out><![CDATA[2022-10-23 12:32:14.197  INFO 2237 --- [    Test worker] .b.t.c.SpringBootTestContextBootstrapper : Neither @ContextConfiguration nor @ContextHierarchy found for test class [com.swhan.project.web.IndexControllerTest], using SpringBootContextLoader
2022-10-23 12:32:14.198  INFO 2237 --- [    Test worker] o.s.t.c.support.AbstractContextLoader    : Could not detect default resource locations for test class [com.swhan.project.web.IndexControllerTest]: no resource found for suffixes {-context.xml, Context.groovy}.
2022-10-23 12:32:14.198  INFO 2237 --- [    Test worker] t.c.s.AnnotationConfigContextLoaderUtils : Could not detect default configuration classes for test class [com.swhan.project.web.IndexControllerTest]: IndexControllerTest does not declare any static, non-private, non-final, nested classes annotated with @Configuration.
2022-10-23 12:32:14.199  INFO 2237 --- [    Test worker] .b.t.c.SpringBootTestContextBootstrapper : Found @SpringBootConfiguration com.swhan.project.Application for test class com.swhan.project.web.IndexControllerTest
2022-10-23 12:32:14.199  INFO 2237 --- [    Test worker] .b.t.c.SpringBootTestContextBootstrapper : Loaded default TestExecutionListener class names from location [META-INF/spring.factories]: [org.springframework.security.test.context.support.WithSecurityContextTestExecutionListener, org.springframework.security.test.context.support.ReactorContextTestExecutionListener, org.springframework.boot.test.autoconfigure.restdocs.RestDocsTestExecutionListener, org.springframework.boot.test.autoconfigure.web.client.MockRestServiceServerResetTestExecutionListener, org.springframework.boot.test.autoconfigure.web.servlet.MockMvcPrintOnlyOnFailureTestExecutionListener, org.springframework.boot.test.autoconfigure.web.servlet.WebDriverTestExecutionListener, org.springframework.boot.test.mock.mockito.MockitoTestExecutionListener, org.springframework.boot.test.mock.mockito.ResetMocksTestExecutionListener, org.springframework.test.context.web.ServletTestExecutionListener, org.springframework.test.context.support.DirtiesContextBeforeModesTestExecutionListener, org.springframework.test.context.support.DependencyInjectionTestExecutionListener, org.springframework.test.context.support.DirtiesContextTestExecutionListener, org.springframework.test.context.transaction.TransactionalTestExecutionListener, org.springframework.test.context.jdbc.SqlScriptsTestExecutionListener]
2022-10-23 12:32:14.200  INFO 2237 --- [    Test worker] .b.t.c.SpringBootTestContextBootstrapper : Using TestExecutionListeners: [org.springframework.test.context.web.ServletTestExecutionListener@32f96bba, org.springframework.test.context.support.DirtiesContextBeforeModesTestExecutionListener@611640f0, org.springframework.boot.test.mock.mockito.MockitoTestExecutionListener@67e25252, org.springframework.boot.test.autoconfigure.SpringBootDependencyInjectionTestExecutionListener@58f4b31a, org.springframework.test.context.support.DirtiesContextTestExecutionListener@21a9a705, org.springframework.test.context.transaction.TransactionalTestExecutionListener@72eb6200, org.springframework.test.context.jdbc.SqlScriptsTestExecutionListener@76ececd, org.springframework.security.test.context.support.WithSecurityContextTestExecutionListener@7affc159, org.springframework.security.test.context.support.ReactorContextTestExecutionListener@1682c08c, org.springframework.boot.test.autoconfigure.restdocs.RestDocsTestExecutionListener@3fd05b3e, org.springframework.boot.test.autoconfigure.web.client.MockRestServiceServerResetTestExecutionListener@4eb9f2af, org.springframework.boot.test.autoconfigure.web.servlet.MockMvcPrintOnlyOnFailureTestExecutionListener@4a481728, org.springframework.boot.test.autoconfigure.web.servlet.WebDriverTestExecutionListener@4ace284d, org.springframework.boot.test.mock.mockito.ResetMocksTestExecutionListener@77fa9381]

  .   ____          _            __ _ _
 /\\ / ___'_ __ _ _(_)_ __  __ _ \ \ \ \
( ( )\___ | '_ | '_| | '_ \/ _` | \ \ \ \
 \\/  ___)| |_)| | | | | || (_| |  ) ) ) )
  '  |____| .__|_| |_|_| |_\__, | / / / /
 =========|_|==============|___/=/_/_/_/
 :: Spring Boot ::        (v2.1.7.RELEASE)

2022-10-23 12:32:14.212  INFO 2237 --- [    Test worker] c.swhan.project.web.IndexControllerTest  : Starting IndexControllerTest on Lucyui-MacBookAir.local with PID 2237 (started by lucy in /Users/lucy/Documents/springbootProject/swhan-springboot2-webservice)
2022-10-23 12:32:14.212  INFO 2237 --- [    Test worker] c.swhan.project.web.IndexControllerTest  : The following profiles are active: oauth
2022-10-23 12:32:14.322  INFO 2237 --- [    Test worker] .s.d.r.c.RepositoryConfigurationDelegate : Bootstrapping Spring Data repositories in DEFAULT mode.
2022-10-23 12:32:14.345  INFO 2237 --- [    Test worker] .s.d.r.c.RepositoryConfigurationDelegate : Finished Spring Data repository scanning in 21ms. Found 2 repository interfaces.
2022-10-23 12:32:14.447  INFO 2237 --- [    Test worker] trationDelegate$BeanPostProcessorChecker : Bean 'org.springframework.transaction.annotation.ProxyTransactionManagementConfiguration' of type [org.springframework.transaction.annotation.ProxyTransactionManagementConfiguration$$EnhancerBySpringCGLIB$$7c4c72b6] is not eligible for getting processed by all BeanPostProcessors (for example: not eligible for auto-proxying)
2022-10-23 12:32:14.582  INFO 2237 --- [    Test worker] o.s.b.w.embedded.tomcat.TomcatWebServer  : Tomcat initialized with port(s): 0 (http)
2022-10-23 12:32:14.595  INFO 2237 --- [    Test worker] o.apache.catalina.core.StandardService   : Starting service [Tomcat]
2022-10-23 12:32:14.595  INFO 2237 --- [    Test worker] org.apache.catalina.core.StandardEngine  : Starting Servlet engine: [Apache Tomcat/9.0.22]
2022-10-23 12:32:14.646  INFO 2237 --- [    Test worker] o.a.c.c.C.[Tomcat].[localhost].[/]       : Initializing Spring embedded WebApplicationContext
2022-10-23 12:32:14.646  INFO 2237 --- [    Test worker] o.s.web.context.ContextLoader            : Root WebApplicationContext: initialization completed in 433 ms
2022-10-23 12:32:14.756  INFO 2237 --- [    Test worker] com.zaxxer.hikari.HikariDataSource       : HikariPool-1 - Starting...
2022-10-23 12:32:14.827  INFO 2237 --- [    Test worker] com.zaxxer.hikari.HikariDataSource       : HikariPool-1 - Start completed.
2022-10-23 12:32:14.864  INFO 2237 --- [    Test worker] o.hibernate.jpa.internal.util.LogHelper  : HHH000204: Processing PersistenceUnitInfo [
	name: default
	...]
2022-10-23 12:32:14.890  INFO 2237 --- [    Test worker] org.hibernate.Version                    : HHH000412: Hibernate Core {5.3.10.Final}
2022-10-23 12:32:14.890  INFO 2237 --- [    Test worker] org.hibernate.cfg.Environment            : HHH000206: hibernate.properties not found
2022-10-23 12:32:14.953  INFO 2237 --- [    Test worker] o.hibernate.annotations.common.Version   : HCANN000001: Hibernate Commons Annotations {5.0.4.Final}
2022-10-23 12:32:15.000  INFO 2237 --- [    Test worker] org.hibernate.dialect.Dialect            : HHH000400: Using dialect: org.hibernate.dialect.MySQL5InnoDBDialect
Hibernate: drop table if exists posts
Hibernate: drop table if exists user
Hibernate: create table posts (id bigint not null auto_increment, created_date datetime, modified_date datetime, author varchar(255), content TEXT not null, title varchar(500) not null, primary key (id)) engine=InnoDB
Hibernate: create table user (id bigint not null auto_increment, created_date datetime, modified_date datetime, email varchar(255) not null, name varchar(255) not null, picture varchar(255) not null, role varchar(255) not null, primary key (id)) engine=InnoDB
2022-10-23 12:32:15.253  INFO 2237 --- [    Test worker] o.h.t.schema.internal.SchemaCreatorImpl  : HHH000476: Executing import script 'org.hibernate.tool.schema.internal.exec.ScriptSourceInputNonExistentImpl@707b38a1'
2022-10-23 12:32:15.255  INFO 2237 --- [    Test worker] j.LocalContainerEntityManagerFactoryBean : Initialized JPA EntityManagerFactory for persistence unit 'default'
2022-10-23 12:32:15.479  INFO 2237 --- [    Test worker] o.h.h.i.QueryTranslatorFactoryInitiator  : HHH000397: Using ASTQueryTranslatorFactory
2022-10-23 12:32:15.611  INFO 2237 --- [    Test worker] o.s.s.web.DefaultSecurityFilterChain     : Creating filter chain: any request, [org.springframework.security.web.context.request.async.WebAsyncManagerIntegrationFilter@3ba6707e, org.springframework.security.web.context.SecurityContextPersistenceFilter@4265cbed, org.springframework.security.web.header.HeaderWriterFilter@3a641f6, org.springframework.security.web.authentication.logout.LogoutFilter@42a198dd, org.springframework.security.oauth2.client.web.OAuth2AuthorizationRequestRedirectFilter@606d2a92, org.springframework.security.oauth2.client.web.OAuth2LoginAuthenticationFilter@40e41f88, org.springframework.security.web.authentication.ui.DefaultLoginPageGeneratingFilter@4205d1c9, org.springframework.security.web.authentication.ui.DefaultLogoutPageGeneratingFilter@4b407ac7, org.springframework.security.web.savedrequest.RequestCacheAwareFilter@3d84f113, org.springframework.security.web.servletapi.SecurityContextHolderAwareRequestFilter@69fa5536, org.springframework.security.web.authentication.AnonymousAuthenticationFilter@4c5ae26d, org.springframework.security.web.session.SessionManagementFilter@18ed8b75, org.springframework.security.web.access.ExceptionTranslationFilter@bb3487c, org.springframework.security.web.access.intercept.FilterSecurityInterceptor@7f922523]
2022-10-23 12:32:15.720  INFO 2237 --- [    Test worker] o.s.s.concurrent.ThreadPoolTaskExecutor  : Initializing ExecutorService 'applicationTaskExecutor'
2022-10-23 12:32:15.737  WARN 2237 --- [    Test worker] aWebConfiguration$JpaWebMvcConfiguration : spring.jpa.open-in-view is enabled by default. Therefore, database queries may be performed during view rendering. Explicitly configure spring.jpa.open-in-view to disable this warning
2022-10-23 12:32:15.760  INFO 2237 --- [    Test worker] o.s.b.a.w.s.WelcomePageHandlerMapping    : Adding welcome page template: index
2022-10-23 12:32:15.858  INFO 2237 --- [    Test worker] s.a.ScheduledAnnotationBeanPostProcessor : No TaskScheduler/ScheduledExecutorService bean found for scheduled processing
2022-10-23 12:32:15.867  INFO 2237 --- [    Test worker] o.s.b.w.embedded.tomcat.TomcatWebServer  : Tomcat started on port(s): 58685 (http) with context path ''
2022-10-23 12:32:15.868  INFO 2237 --- [    Test worker] c.swhan.project.web.IndexControllerTest  : Started IndexControllerTest in 1.668 seconds (JVM running for 3.007)
2022-10-23 12:32:15.948  INFO 2237 --- [o-auto-1-exec-1] o.a.c.c.C.[Tomcat].[localhost].[/]       : Initializing Spring DispatcherServlet 'dispatcherServlet'
2022-10-23 12:32:15.949  INFO 2237 --- [o-auto-1-exec-1] o.s.web.servlet.DispatcherServlet        : Initializing Servlet 'dispatcherServlet'
2022-10-23 12:32:15.955  INFO 2237 --- [o-auto-1-exec-1] o.s.web.servlet.DispatcherServlet        : Completed initialization in 6 ms
Hibernate: select posts0_.id as id1_0_, posts0_.created_date as created_2_0_, posts0_.modified_date as modified3_0_, posts0_.author as author4_0_, posts0_.content as content5_0_, posts0_.title as title6_0_ from posts posts0_ order by posts0_.id DESC
]]></system-out>
  <system-err><![CDATA[]]></system-err>
</testsuite>
